<?xml version="1.0" encoding="UTF-8"?>
<testng-results ignored="0" total="1" passed="1" failed="0" skipped="0">
  <reporter-output>
  </reporter-output>
  <suite started-at="2024-09-19T10:30:25 IST" name="Default suite" finished-at="2024-09-19T10:30:33 IST" duration-ms="7653">
    <groups>
    </groups>
    <test started-at="2024-09-19T10:30:25 IST" name="Default test" finished-at="2024-09-19T10:30:33 IST" duration-ms="7653">
      <class name="com.testautomation.apitesting.tests.PutAPIRequest">
        <test-method signature="putAPIRequest()[pri:0, instance:com.testautomation.apitesting.tests.PutAPIRequest@6a175569]" started-at="2024-09-19T10:30:25 IST" name="putAPIRequest" finished-at="2024-09-19T10:30:33 IST" duration-ms="7538" status="PASS">
          <reporter-output>
          </reporter-output>
        </test-method> <!-- putAPIRequest -->
      </class> <!-- com.testautomation.apitesting.tests.PutAPIRequest -->
    </test> <!-- Default test -->
  </suite> <!-- Default suite -->
</testng-results>
